\BOOKMARK [0][-]{section*.1}{\376\377\000F\000Y\000S\000-\000S\000T\000K\0004\0001\0005\0005\000\040\000-\000\040\000P\000r\000o\000j\000e\000c\000t\0002\000\040\000T\000I\000T\000L\000E\000\040\000S\000H\000O\000U\000L\000D\000\040\000B\000E\000\040\000D\000E\000S\000C\000R\000I\000P\000T\000I\000V\000E}{}% 1
\BOOKMARK [1][-]{section*.2}{\376\377\000I\000n\000t\000r\000o\000d\000u\000c\000t\000i\000o\000n}{section*.1}% 2
\BOOKMARK [1][-]{section*.3}{\376\377\000T\000h\000e\000o\000r\000y\000\040\000a\000n\000d\000\040\000M\000e\000t\000h\000o\000d\000s}{section*.1}% 3
\BOOKMARK [2][-]{section*.4}{\376\377\000M\000o\000v\000i\000n\000g\000\040\000a\000l\000o\000n\000g\000\040\000t\000h\000e\000\040\000g\000r\000a\000d\000i\000e\000n\000t}{section*.3}% 4
\BOOKMARK [2][-]{section*.5}{\376\377\000I\000n\000t\000r\000o\000d\000u\000c\000i\000n\000g\000\040\000s\000t\000o\000c\000h\000a\000s\000t\000i\000c\000i\000t\000y\000\040\000t\000o\000\040\000g\000r\000a\000d\000i\000e\000n\000t\000\040\000d\000e\000s\000c\000e\000n\000t}{section*.3}% 5
\BOOKMARK [3][-]{section*.6}{\376\377\000S\000c\000h\000e\000d\000u\000l\000i\000n\000g\000\040\000t\000h\000e\000\040\000l\000e\000a\000r\000n\000i\000n\000g\000\040\000r\000a\000t\000e}{section*.5}% 6
\BOOKMARK [2][-]{section*.7}{\376\377\000I\000m\000p\000l\000e\000m\000e\000n\000t\000i\000n\000g\000\040\000S\000t\000o\000c\000h\000a\000s\000t\000i\000c\000\040\000G\000r\000a\000d\000i\000e\000n\000t\000\040\000D\000e\000s\000c\000e\000n\000t\000\040\000w\000i\000t\000h\000\040\000m\000i\000n\000i\000b\000a\000t\000c\000h\000e\000s}{section*.3}% 7
\BOOKMARK [2][-]{section*.9}{\376\377\000A\000d\000d\000i\000n\000g\000\040\000m\000o\000m\000e\000n\000t\000u\000m\000\040\000t\000o\000\040\000S\000G\000D}{section*.3}% 8
\BOOKMARK [2][-]{section*.11}{\376\377\000A\000r\000t\000i\000f\000i\000c\000i\000a\000l\000\040\000N\000e\000u\000r\000a\000l\000\040\000N\000e\000t\000w\000o\000r\000k}{section*.3}% 9
\BOOKMARK [3][-]{section*.12}{\376\377\000W\000r\000i\000t\000i\000n\000g\000\040\000o\000u\000r\000\040\000o\000w\000n\000\040\000F\000e\000e\000d\000\040\000F\000o\000r\000w\000a\000r\000d\000\040\000N\000e\000u\000r\000a\000l\000\040\000N\000e\000t\000w\000o\000r\000k}{section*.11}% 10
\BOOKMARK [3][-]{section*.13}{\376\377\000F\000e\000e\000d\000\040\000F\000o\000r\000w\000a\000r\000d\000\040\000p\000a\000s\000s}{section*.11}% 11
\BOOKMARK [3][-]{section*.15}{\376\377\000B\000a\000c\000k\000p\000r\000o\000p\000a\000g\000a\000t\000i\000o\000n}{section*.11}% 12
\BOOKMARK [2][-]{section*.16}{\376\377\000T\000h\000e\000\040\000W\000i\000s\000c\000o\000n\000s\000i\000n\000\040\000B\000r\000e\000a\000s\000t\000\040\000C\000a\000n\000c\000e\000r\000\040\000D\000a\000t\000a\000s\000e\000t}{section*.3}% 13
\BOOKMARK [2][-]{section*.17}{\376\377\000I\000n\000t\000r\000o\000d\000u\000c\000i\000n\000g\000\040\000L\000o\000g\000i\000s\000t\000i\000c\000\040\000R\000e\000g\000r\000e\000s\000s\000i\000o\000n}{section*.3}% 14
\BOOKMARK [2][-]{section*.20}{\376\377\000C\000o\000m\000p\000u\000t\000i\000n\000g\000\040\000t\000h\000e\000\040\000a\000c\000c\000u\000r\000a\000c\000y\000\040\000o\000f\000\040\000a\000\040\000l\000o\000g\000i\000s\000t\000i\000c\000\040\000m\000o\000d\000e\000l}{section*.3}% 15
\BOOKMARK [1][-]{section*.21}{\376\377\000R\000e\000s\000u\000l\000t\000s}{section*.1}% 16
\BOOKMARK [2][-]{section*.22}{\376\377\000S\000t\000o\000c\000h\000a\000s\000t\000i\000c\000\040\000G\000r\000a\000d\000i\000e\000n\000t\000\040\000D\000e\000s\000c\000e\000n\000t}{section*.21}% 17
\BOOKMARK [2][-]{section*.30}{\376\377\000A\000r\000i\000f\000i\000c\000i\000a\000l\000\040\000N\000e\000u\000r\000a\000l\000\040\000N\000e\000t}{section*.21}% 18
\BOOKMARK [3][-]{section*.31}{\376\377\000O\000p\000t\000i\000m\000a\000l\000\040\000p\000a\000r\000a\000m\000e\000t\000e\000r\000s}{section*.30}% 19
\BOOKMARK [3][-]{section*.35}{\376\377\000P\000a\000r\000a\000m\000e\000t\000e\000r\000s\000\040\000a\000n\000d\000\040\000m\000o\000d\000e\000l\000\040\000c\000o\000m\000p\000l\000e\000x\000i\000t\000y}{section*.30}% 20
\BOOKMARK [3][-]{section*.37}{\376\377\000P\000e\000r\000f\000o\000r\000m\000a\000n\000c\000e\000\040\000o\000f\000\040\000a\000c\000t\000i\000v\000a\000t\000i\000o\000n\000\040\000f\000u\000n\000c\000t\000i\000o\000n\000s}{section*.30}% 21
\BOOKMARK [3][-]{section*.38}{\376\377\000E\000f\000f\000e\000c\000t\000\040\000o\000f\000\040\000w\000e\000i\000g\000h\000t\000\040\000i\000n\000i\000t\000i\000a\000l\000i\000z\000a\000t\000i\000o\000n}{section*.30}% 22
\BOOKMARK [3][-]{section*.39}{\376\377\000N\000e\000u\000r\000a\000l\000\040\000N\000e\000t\000\040\000v\000s\000\040\000O\000r\000d\000i\000n\000a\000r\000y\000\040\000L\000e\000a\000s\000t\000\040\000S\000q\000u\000a\000r\000e\000s\000\040\000o\000n\000\040\000t\000e\000r\000r\000a\000i\000n\000\040\000d\000a\000t\000a}{section*.30}% 23
\BOOKMARK [3][-]{section*.40}{\376\377\000R\000o\000b\000u\000s\000t\000n\000e\000s\000s\000\040\000o\000f\000\040\000o\000u\000r\000\040\000N\000e\000u\000r\000a\000l\000\040\000N\000e\000t}{section*.30}% 24
\BOOKMARK [2][-]{section*.41}{\376\377\000L\000o\000g\000i\000s\000t\000i\000c\000\040\000R\000e\000g\000r\000e\000s\000s\000i\000o\000n}{section*.21}% 25
\BOOKMARK [1][-]{section*.42}{\376\377\000D\000i\000s\000c\000u\000s\000s\000i\000o\000n}{section*.1}% 26
\BOOKMARK [2][-]{section*.43}{\376\377\000A\000n\000a\000l\000y\000z\000i\000n\000g\000\040\000o\000u\000r\000\040\000S\000t\000o\000c\000h\000a\000s\000t\000i\000c\000\040\000G\000r\000a\000d\000i\000e\000n\000t\000\040\000D\000e\000s\000c\000e\000n\000t\000\040\000i\000m\000p\000l\000e\000m\000e\000n\000t\000a\000t\000i\000o\000n}{section*.42}% 27
\BOOKMARK [2][-]{section*.44}{\376\377\000C\000o\000m\000p\000a\000r\000i\000n\000g\000\040\000S\000t\000o\000c\000h\000a\000s\000t\000i\000c\000\040\000G\000r\000a\000d\000i\000e\000n\000t\000\040\000D\000e\000s\000c\000e\000n\000t\000\040\000a\000n\000d\000\040\000N\000e\000w\000t\000o\000n\000\040\000R\000a\000p\000h\000s\000o\000n\000\040\000f\000o\000r\000\040\000L\000o\000g\000i\000s\000t\000i\000c\000\040\000R\000e\000g\000r\000e\000s\000s\000i\000o\000n}{section*.42}% 28
\BOOKMARK [2][-]{section*.45}{\376\377\000A\000r\000i\000f\000i\000c\000i\000a\000l\000\040\000N\000e\000u\000r\000a\000l\000\040\000N\000e\000t\000\040\000-\000\040\000R\000e\000g\000r\000e\000s\000s\000i\000o\000n\000\040\000p\000r\000o\000b\000l\000e\000m}{section*.42}% 29
\BOOKMARK [3][-]{section*.46}{\376\377\000O\000p\000t\000i\000m\000a\000l\000\040\000p\000a\000r\000a\000m\000e\000t\000e\000r\000s}{section*.45}% 30
\BOOKMARK [3][-]{section*.47}{\376\377\000P\000a\000r\000a\000m\000e\000t\000e\000r\000s\000\040\000a\000n\000d\000\040\000m\000o\000d\000e\000l\000\040\000c\000o\000m\000p\000l\000e\000x\000i\000t\000y}{section*.45}% 31
\BOOKMARK [3][-]{section*.48}{\376\377\000P\000e\000r\000f\000o\000r\000m\000a\000n\000c\000e\000\040\000o\000f\000\040\000a\000c\000t\000i\000v\000a\000t\000i\000o\000n\000\040\000f\000u\000n\000c\000t\000i\000o\000n\000s}{section*.45}% 32
\BOOKMARK [3][-]{section*.49}{\376\377\000E\000f\000f\000e\000c\000t\000\040\000o\000f\000\040\000w\000e\000i\000g\000h\000t\000\040\000i\000n\000i\000t\000i\000a\000l\000i\000z\000a\000t\000i\000o\000n}{section*.45}% 33
\BOOKMARK [3][-]{section*.50}{\376\377\000N\000e\000u\000r\000a\000l\000\040\000N\000e\000t\000\040\000v\000s\000\040\000O\000r\000d\000i\000n\000a\000r\000y\000\040\000L\000e\000a\000s\000t\000\040\000S\000q\000u\000a\000r\000e\000s\000\040\000o\000n\000\040\000t\000e\000r\000r\000a\000i\000n\000\040\000d\000a\000t\000a}{section*.45}% 34
\BOOKMARK [3][-]{section*.51}{\376\377\000R\000o\000b\000u\000s\000t\000n\000e\000s\000s\000\040\000o\000f\000\040\000o\000u\000r\000\040\000N\000e\000u\000r\000a\000l\000\040\000N\000e\000t}{section*.45}% 35
\BOOKMARK [1][-]{section*.52}{\376\377\000C\000o\000n\000c\000l\000u\000s\000i\000o\000n\000s}{section*.1}% 36
\BOOKMARK [1][-]{section*.53}{\376\377\000S\000o\000u\000r\000c\000e\000\040\000C\000o\000d\000e}{section*.1}% 37
